<?xml version="1.0" encoding="UTF-8" ?>
<testsuite tests="3" failures="1" name="TestSuite" time="179.474" errors="0" skipped="1">
  <properties>
[...]
</properties>
  <testcase classname="SearchTestCases.SearchFlightTests" name="get4thPrice" time="33.286"/>
  <testcase classname="SearchTestCases.SearchFlightTests" name="get5thPrice" time="24.135">
    <failure message="Element is not clickable at point (637.0333251953125, 537.7999877929688). Other element would receive the click: &lt;span class=&quot;ui-state-default&quot;&gt;&lt;/span&gt;
Command duration or timeout: 236 milliseconds
Build info: version: &apos;2.53.1&apos;, revision: &apos;a36b8b1cd5757287168e54b817830adce9b0158d&apos;, time: &apos;2016-06-30 19:26:09&apos;
System info: host: &apos;PersonalPC&apos;, ip: &apos;192.168.1.195&apos;, os.name: &apos;Windows 10&apos;, os.arch: &apos;amd64&apos;, os.version: &apos;10.0&apos;, java.version: &apos;1.8.0_171&apos;
Driver info: org.openqa.selenium.firefox.FirefoxDriver
Capabilities [{applicationCacheEnabled=true, rotatable=false, handlesAlerts=true, databaseEnabled=true, version=47.0.2, platform=WINDOWS, nativeEvents=false, acceptSslCerts=true, webStorageEnabled=true, locationContextEnabled=false, browserName=firefox, takesScreenshot=true, javascriptEnabled=true, cssSelectorsEnabled=true}]
Session ID: f0f2dcff-f19d-4056-afc7-e9148d2fc4cc" type="org.openqa.selenium.WebDriverException">org.openqa.selenium.WebDriverException: Element is not clickable at point (637.0333251953125, 537.7999877929688). Other element would receive the click: &lt;span class=&quot;ui-state-default&quot;&gt;&lt;/span&gt;
Command duration or timeout: 236 milliseconds
Build info: version: &apos;2.53.1&apos;, revision: &apos;a36b8b1cd5757287168e54b817830adce9b0158d&apos;, time: &apos;2016-06-30 19:26:09&apos;
System info: host: &apos;PersonalPC&apos;, ip: &apos;192.168.1.195&apos;, os.name: &apos;Windows 10&apos;, os.arch: &apos;amd64&apos;, os.version: &apos;10.0&apos;, java.version: &apos;1.8.0_171&apos;
Driver info: org.openqa.selenium.firefox.FirefoxDriver
Capabilities [{applicationCacheEnabled=true, rotatable=false, handlesAlerts=true, databaseEnabled=true, version=47.0.2, platform=WINDOWS, nativeEvents=false, acceptSslCerts=true, webStorageEnabled=true, locationContextEnabled=false, browserName=firefox, takesScreenshot=true, javascriptEnabled=true, cssSelectorsEnabled=true}]
Session ID: f0f2dcff-f19d-4056-afc7-e9148d2fc4cc
	at sun.reflect.NativeConstructorAccessorImpl.newInstance0(Native Method)
	at sun.reflect.NativeConstructorAccessorImpl.newInstance(NativeConstructorAccessorImpl.java:62)
	at sun.reflect.DelegatingConstructorAccessorImpl.newInstance(DelegatingConstructorAccessorImpl.java:45)
	at java.lang.reflect.Constructor.newInstance(Constructor.java:423)
	at org.openqa.selenium.remote.ErrorHandler.createThrowable(ErrorHandler.java:206)
	at org.openqa.selenium.remote.ErrorHandler.throwIfResponseFailed(ErrorHandler.java:158)
	at org.openqa.selenium.remote.RemoteWebDriver.execute(RemoteWebDriver.java:678)
	at org.openqa.selenium.remote.RemoteWebElement.execute(RemoteWebElement.java:327)
	at org.openqa.selenium.remote.RemoteWebElement.click(RemoteWebElement.java:85)
	at sun.reflect.NativeMethodAccessorImpl.invoke0(Native Method)
	at sun.reflect.NativeMethodAccessorImpl.invoke(NativeMethodAccessorImpl.java:62)
	at sun.reflect.DelegatingMethodAccessorImpl.invoke(DelegatingMethodAccessorImpl.java:43)
	at java.lang.reflect.Method.invoke(Method.java:498)
	at org.openqa.selenium.support.pagefactory.internal.LocatingElementHandler.invoke(LocatingElementHandler.java:51)
	at com.sun.proxy.$Proxy6.click(Unknown Source)
	at PageObjects.SearchFlightsPage.clickSearchFlightsBtn(SearchFlightsPage.java:99)
	at SearchTestCases.SearchFlightTests.searchRoundTripFlight(SearchFlightTests.java:101)
	at SearchTestCases.SearchFlightTests.get5thPrice(SearchFlightTests.java:126)
</failure>
    <system-out>30
35
 
1
2
3
4
5
6
7
8
9
10
11
12
13
14
15
16
17
18
19
20
21
22
23
24
25
26
27
28
29
30
30
31
</system-out>
  </testcase>
  <testcase classname="SearchTestCases.SearchFlightTests" name="getLongestFlightWith1Stop" time="0">
    <skipped/>
  </testcase>
</testsuite>